<?xml version="1.0" encoding="UTF-8"?>
<!-- Generated by org.testng.reporters.JUnitReportReporter -->
<testsuite hostname="LAPTOP-RTGV64HI" failures="0" tests="1" name="sample_test_case.CreateNewUser" time="12.816" errors="0" timestamp="2023-08-03T17:51:52 IST" skipped="0">
  <testcase classname="sample_test_case.CreateNewUser" name="createnewUser" time="12.816"/>
</testsuite> <!-- sample_test_case.CreateNewUser -->
