<?xml version="1.0" encoding="UTF-8"?>
<!-- Generated by org.testng.reporters.JUnitReportReporter -->
<testsuite hostname="LAPTOP-RTGV64HI" failures="0" tests="4" name="sample_TestCase.Sample_TC3_TESTNG" time="0.017" errors="0" timestamp="2023-08-01T14:11:57 IST" skipped="0">
  <testcase classname="sample_TestCase.Sample_TC3_TESTNG" name="createUser" time="0.001"/>
  <testcase classname="sample_TestCase.Sample_TC3_TESTNG" name="createUser" time="0.011"/>
  <testcase classname="sample_TestCase.Sample_TC3_TESTNG" name="modifyUser" time="0.002"/>
  <testcase classname="sample_TestCase.Sample_TC3_TESTNG" name="deleteUser" time="0.003"/>
</testsuite> <!-- sample_TestCase.Sample_TC3_TESTNG -->
