<?xml version="1.0" encoding="UTF-8"?>
<!-- Generated by org.testng.reporters.JUnitReportReporter -->
<testsuite hostname="LAPTOP-RTGV64HI" failures="0" tests="3" name="sample_TestCase.Sample_TC2_TESTNG" time="0.013" errors="0" timestamp="2023-07-31T14:12:25 IST" skipped="0">
  <testcase classname="sample_TestCase.Sample_TC2_TESTNG" name="createUser" time="0.010"/>
  <testcase classname="sample_TestCase.Sample_TC2_TESTNG" name="modifierUser" time="0.001"/>
  <testcase classname="sample_TestCase.Sample_TC2_TESTNG" name="deleteUser" time="0.002"/>
</testsuite> <!-- sample_TestCase.Sample_TC2_TESTNG -->
